[debug] [2021-04-23T15:39:18.773Z] ----------------------------------------------------------------------
[debug] [2021-04-23T15:39:18.775Z] Command:       /home/charles/.nvm/versions/node/v12.18.2/bin/node /home/charles/.nvm/versions/node/v12.18.2/bin/firebase init
[debug] [2021-04-23T15:39:18.775Z] CLI Version:   9.10.0
[debug] [2021-04-23T15:39:18.775Z] Platform:      linux
[debug] [2021-04-23T15:39:18.775Z] Node Version:  v12.18.2
[debug] [2021-04-23T15:39:18.775Z] Time:          Fri Apr 23 2021 18:39:18 GMT+0300 (East Africa Time)
[debug] [2021-04-23T15:39:18.776Z] ----------------------------------------------------------------------
[debug] 
[debug] [2021-04-23T15:39:18.780Z] > command requires scopes: ["email","openid","https://www.googleapis.com/auth/cloudplatformprojects.readonly","https://www.googleapis.com/auth/firebase","https://www.googleapis.com/auth/cloud-platform"]
[debug] [2021-04-23T15:39:18.780Z] > authorizing via signed-in user (mikeycharles2@gmail.com)
[info] 
     ######## #### ########  ######## ########     ###     ######  ########
     ##        ##  ##     ## ##       ##     ##  ##   ##  ##       ##
     ######    ##  ########  ######   ########  #########  ######  ######
     ##        ##  ##    ##  ##       ##     ## ##     ##       ## ##
     ##       #### ##     ## ######## ########  ##     ##  ######  ########

You're about to initialize a Firebase project in this directory:

  /home/charles/Desktop/disney_clone

[info] 
=== Project Setup
[info] 
[info] First, let's associate this project directory with a Firebase project.
[info] You can create multiple project aliases by running firebase use --add, 
[info] but for now we'll just set up a default project.
[info] 
[debug] [2021-04-23T15:39:24.391Z] > refreshing access token with scopes: []
[debug] [2021-04-23T15:39:24.393Z] >>> HTTP REQUEST POST https://www.googleapis.com/oauth2/v3/token  
 <request body omitted>
[debug] [2021-04-23T15:39:26.039Z] <<< HTTP RESPONSE 400 {"pragma":"no-cache","expires":"Mon, 01 Jan 1990 00:00:00 GMT","cache-control":"no-cache, no-store, max-age=0, must-revalidate","date":"Fri, 23 Apr 2021 15:39:25 GMT","content-type":"application/json; charset=utf-8","vary":"X-Origin, Referer, Origin,Accept-Encoding","server":"scaffolding on HTTPServer2","x-xss-protection":"0","x-frame-options":"SAMEORIGIN","x-content-type-options":"nosniff","alt-svc":"h3-29=\":443\"; ma=2592000,h3-T051=\":443\"; ma=2592000,h3-Q050=\":443\"; ma=2592000,h3-Q046=\":443\"; ma=2592000,h3-Q043=\":443\"; ma=2592000,quic=\":443\"; ma=2592000; v=\"46,43\"","accept-ranges":"none","transfer-encoding":"chunked"}
[debug] [2021-04-23T15:39:26.047Z] >>> [apiv2][query] GET https://firebase.googleapis.com/v1beta1/projects pageSize=100
[debug] [2021-04-23T15:39:28.040Z] <<< [apiv2][status] GET https://firebase.googleapis.com/v1beta1/projects 401
[debug] [2021-04-23T15:39:28.040Z] <<< [apiv2][body] GET https://firebase.googleapis.com/v1beta1/projects [omitted]
[debug] [2021-04-23T15:39:28.043Z] HTTP Error: 401, Request had invalid authentication credentials. Expected OAuth 2 access token, login cookie or other valid authentication credential. See https://developers.google.com/identity/sign-in/web/devconsole-project.
[debug] [2021-04-23T15:39:29.571Z] FirebaseError: HTTP Error: 401, Request had invalid authentication credentials. Expected OAuth 2 access token, login cookie or other valid authentication credential. See https://developers.google.com/identity/sign-in/web/devconsole-project.
    at module.exports (/home/charles/.nvm/versions/node/v12.18.2/lib/node_modules/firebase-tools/lib/responseToError.js:38:12)
    at Client.doRequest (/home/charles/.nvm/versions/node/v12.18.2/lib/node_modules/firebase-tools/lib/apiv2.js:238:23)
    at processTicksAndRejections (internal/process/task_queues.js:97:5)
    at async Client.request (/home/charles/.nvm/versions/node/v12.18.2/lib/node_modules/firebase-tools/lib/apiv2.js:96:20)
    at async getProjectPage (/home/charles/.nvm/versions/node/v12.18.2/lib/node_modules/firebase-tools/lib/management/projects.js:233:17)
    at async getFirebaseProjectPage (/home/charles/.nvm/versions/node/v12.18.2/lib/node_modules/firebase-tools/lib/management/projects.js:250:23)
    at async selectProjectInteractively (/home/charles/.nvm/versions/node/v12.18.2/lib/node_modules/firebase-tools/lib/management/projects.js:95:41)
    at async Object.doSetup [as project] (/home/charles/.nvm/versions/node/v12.18.2/lib/node_modules/firebase-tools/lib/init/features/project.js:87:27)
    at async init (/home/charles/.nvm/versions/node/v12.18.2/lib/node_modules/firebase-tools/lib/init/index.js:19:9)
[error] 
[error] Error: Failed to list Firebase projects. See firebase-debug.log for more info.
